<?xml version="1.0" encoding="UTF-8"?>
<testng-results ignored="0" total="1" passed="1" failed="0" skipped="0">
  <reporter-output>
  </reporter-output>
  <suite started-at="2024-09-27T15:01:56 IST" name="Default suite" finished-at="2024-09-27T15:02:00 IST" duration-ms="4001">
    <groups>
    </groups>
    <test started-at="2024-09-27T15:01:56 IST" name="Default test" finished-at="2024-09-27T15:02:00 IST" duration-ms="4001">
      <class name="authAPI.BasicAuth">
        <test-method signature="AuthBasic()[pri:0, instance:authAPI.BasicAuth@5e600dd5]" started-at="2024-09-27T15:01:56 IST" name="AuthBasic" finished-at="2024-09-27T15:02:00 IST" duration-ms="3960" status="PASS">
          <reporter-output>
          </reporter-output>
        </test-method> <!-- AuthBasic -->
      </class> <!-- authAPI.BasicAuth -->
    </test> <!-- Default test -->
  </suite> <!-- Default suite -->
</testng-results>
